# JRE version: OpenJDK Runtime Environment JBR-11.0.9.1.11-1145.77-jcef (11.0.9.1+11) (build 11.0.9.1+11-b1145.77)
# Java VM: OpenJDK 64-Bit Server VM JBR-11.0.9.1.11-1145.77-jcef (11.0.9.1+11-b1145.77, mixed mode, tiered, compressed oops, concurrent mark sweep gc, bsd-aarch64)
Heap:
 par new generation   total 168576K, used 124426K [0x0000000780000000, 0x000000078b6e0000, 0x0000000795550000)
  eden space 149888K,  78% used [0x0000000780000000, 0x000000078724fe88, 0x0000000789260000)
  from space 18688K,  39% used [0x0000000789260000, 0x0000000789992d00, 0x000000078a4a0000)
  to   space 18688K,   0% used [0x000000078a4a0000, 0x000000078a4a0000, 0x000000078b6e0000)
 concurrent mark-sweep generation total 374048K, used 201554K [0x0000000795550000, 0x00000007ac298000, 0x00000007c0000000)
 Metaspace       used 304042K, capacity 314079K, committed 314464K, reserved 1323008K
  class space    used 36995K, capacity 40944K, committed 41152K, reserved 1048576K
GC Heap History (20 events):
Event: 2916.469 GC heap before
{Heap before GC invocations=519 (full 13):
 par new generation   total 39296K, used 38136K [0x0000000780000000, 0x0000000782aa0000, 0x0000000795550000)
  eden space 34944K, 100% used [0x0000000780000000, 0x0000000782220000, 0x0000000782220000)
  from space 4352K,  73% used [0x0000000782660000, 0x000000078297e3d0, 0x0000000782aa0000)
  to   space 4352K,   0% used [0x0000000782220000, 0x0000000782220000, 0x0000000782660000)
 concurrent mark-sweep generation total 374048K, used 216635K [0x0000000795550000, 0x00000007ac298000, 0x00000007c0000000)
 Metaspace       used 300247K, capacity 309870K, committed 310752K, reserved 1318912K
  class space    used 36490K, capacity 40332K, committed 40768K, reserved 1048576K
}
Event: 2916.475 GC heap after
{Heap after GC invocations=520 (full 13):
 par new generation   total 39296K, used 3808K [0x0000000780000000, 0x0000000782aa0000, 0x0000000795550000)
  eden space 34944K,   0% used [0x0000000780000000, 0x0000000780000000, 0x0000000782220000)
  from space 4352K,  87% used [0x0000000782220000, 0x00000007825d80c0, 0x0000000782660000)
  to   space 4352K,   0% used [0x0000000782660000, 0x0000000782660000, 0x0000000782aa0000)
 concurrent mark-sweep generation total 374048K, used 216635K [0x0000000795550000, 0x00000007ac298000, 0x00000007c0000000)
 Metaspace       used 300247K, capacity 309870K, committed 310752K, reserved 1318912K
  class space    used 36490K, capacity 40332K, committed 40768K, reserved 1048576K
}
Event: 2927.895 GC heap before
{Heap before GC invocations=520 (full 13):
 par new generation   total 39296K, used 38752K [0x0000000780000000, 0x0000000782aa0000, 0x0000000795550000)
  eden space 34944K, 100% used [0x0000000780000000, 0x0000000782220000, 0x0000000782220000)
  from space 4352K,  87% used [0x0000000782220000, 0x00000007825d80c0, 0x0000000782660000)
  to   space 4352K,   0% used [0x0000000782660000, 0x0000000782660000, 0x0000000782aa0000)
 concurrent mark-sweep generation total 374048K, used 216635K [0x0000000795550000, 0x00000007ac298000, 0x00000007c0000000)
 Metaspace       used 300314K, capacity 310014K, committed 310752K, reserved 1318912K
  class space    used 36492K, capacity 40335K, committed 40768K, reserved 1048576K
}
Event: 2927.899 GC heap after
{Heap after GC invocations=521 (full 13):
 par new generation   total 39296K, used 4352K [0x0000000780000000, 0x0000000782aa0000, 0x0000000795550000)
  eden space 34944K,   0% used [0x0000000780000000, 0x0000000780000000, 0x0000000782220000)
  from space 4352K, 100% used [0x0000000782660000, 0x0000000782aa0000, 0x0000000782aa0000)
  to   space 4352K,   0% used [0x0000000782220000, 0x0000000782220000, 0x0000000782660000)
 concurrent mark-sweep generation total 374048K, used 217839K [0x0000000795550000, 0x00000007ac298000, 0x00000007c0000000)
 Metaspace       used 300314K, capacity 310014K, committed 310752K, reserved 1318912K
  class space    used 36492K, capacity 40335K, committed 40768K, reserved 1048576K
}
Event: 2943.135 GC heap before
{Heap before GC invocations=521 (full 13):
 par new generation   total 39296K, used 39296K [0x0000000780000000, 0x0000000782aa0000, 0x0000000795550000)
  eden space 34944K, 100% used [0x0000000780000000, 0x0000000782220000, 0x0000000782220000)
  from space 4352K, 100% used [0x0000000782660000, 0x0000000782aa0000, 0x0000000782aa0000)
  to   space 4352K,   0% used [0x0000000782220000, 0x0000000782220000, 0x0000000782660000)
 concurrent mark-sweep generation total 374048K, used 217839K [0x0000000795550000, 0x00000007ac298000, 0x00000007c0000000)
 Metaspace       used 300345K, capacity 310084K, committed 310752K, reserved 1318912K
  class space    used 36493K, capacity 40337K, committed 40768K, reserved 1048576K
}
Event: 2943.140 GC heap after
{Heap after GC invocations=522 (full 13):
 par new generation   total 39296K, used 4352K [0x0000000780000000, 0x0000000782aa0000, 0x0000000795550000)
  eden space 34944K,   0% used [0x0000000780000000, 0x0000000780000000, 0x0000000782220000)
  from space 4352K, 100% used [0x0000000782220000, 0x0000000782660000, 0x0000000782660000)
  to   space 4352K,   0% used [0x0000000782660000, 0x0000000782660000, 0x0000000782aa0000)
 concurrent mark-sweep generation total 374048K, used 219019K [0x0000000795550000, 0x00000007ac298000, 0x00000007c0000000)
 Metaspace       used 300345K, capacity 310084K, committed 310752K, reserved 1318912K
  class space    used 36493K, capacity 40337K, committed 40768K, reserved 1048576K
}
Event: 2958.608 GC heap before
{Heap before GC invocations=522 (full 13):
 par new generation   total 39296K, used 39296K [0x0000000780000000, 0x0000000782aa0000, 0x0000000795550000)
  eden space 34944K, 100% used [0x0000000780000000, 0x0000000782220000, 0x0000000782220000)
  from space 4352K, 100% used [0x0000000782220000, 0x0000000782660000, 0x0000000782660000)
  to   space 4352K,   0% used [0x0000000782660000, 0x0000000782660000, 0x0000000782aa0000)
 concurrent mark-sweep generation total 374048K, used 219019K [0x0000000795550000, 0x00000007ac298000, 0x00000007c0000000)
 Metaspace       used 300383K, capacity 310088K, committed 310752K, reserved 1318912K
  class space    used 36493K, capacity 40338K, committed 40768K, reserved 1048576K
}
Event: 2958.611 GC heap after
{Heap after GC invocations=523 (full 13):
 par new generation   total 39296K, used 3301K [0x0000000780000000, 0x0000000782aa0000, 0x0000000795550000)
  eden space 34944K,   0% used [0x0000000780000000, 0x0000000780000000, 0x0000000782220000)
  from space 4352K,  75% used [0x0000000782660000, 0x00000007829995f0, 0x0000000782aa0000)
  to   space 4352K,   0% used [0x0000000782220000, 0x0000000782220000, 0x0000000782660000)
 concurrent mark-sweep generation total 374048K, used 220738K [0x0000000795550000, 0x00000007ac298000, 0x00000007c0000000)
 Metaspace       used 300383K, capacity 310088K, committed 310752K, reserved 1318912K
  class space    used 36493K, capacity 40338K, committed 40768K, reserved 1048576K
}
Event: 2961.037 GC heap before
{Heap before GC invocations=523 (full 13):
 par new generation   total 39296K, used 38245K [0x0000000780000000, 0x0000000782aa0000, 0x0000000795550000)
  eden space 34944K, 100% used [0x0000000780000000, 0x0000000782220000, 0x0000000782220000)
  from space 4352K,  75% used [0x0000000782660000, 0x00000007829995f0, 0x0000000782aa0000)
  to   space 4352K,   0% used [0x0000000782220000, 0x0000000782220000, 0x0000000782660000)
 concurrent mark-sweep generation total 374048K, used 220738K [0x0000000795550000, 0x00000007ac298000, 0x00000007c0000000)
 Metaspace       used 301897K, capacity 311865K, committed 312160K, reserved 1320960K
  class space    used 36729K, capacity 40616K, committed 40896K, reserved 1048576K
}
Event: 2961.040 GC heap after
{Heap after GC invocations=524 (full 13):
 par new generation   total 39296K, used 4352K [0x0000000780000000, 0x0000000782aa0000, 0x0000000795550000)
  eden space 34944K,   0% used [0x0000000780000000, 0x0000000780000000, 0x0000000782220000)
  from space 4352K, 100% used [0x0000000782220000, 0x0000000782660000, 0x0000000782660000)
  to   space 4352K,   0% used [0x0000000782660000, 0x0000000782660000, 0x0000000782aa0000)
 concurrent mark-sweep generation total 374048K, used 221008K [0x0000000795550000, 0x00000007ac298000, 0x00000007c0000000)
 Metaspace       used 301897K, capacity 311865K, committed 312160K, reserved 1320960K
  class space    used 36729K, capacity 40616K, committed 40896K, reserved 1048576K
}
Event: 2964.507 GC heap before
{Heap before GC invocations=524 (full 13):
 par new generation   total 39296K, used 39296K [0x0000000780000000, 0x0000000782aa0000, 0x0000000795550000)
  eden space 34944K, 100% used [0x0000000780000000, 0x0000000782220000, 0x0000000782220000)
  from space 4352K, 100% used [0x0000000782220000, 0x0000000782660000, 0x0000000782660000)
  to   space 4352K,   0% used [0x0000000782660000, 0x0000000782660000, 0x0000000782aa0000)
 concurrent mark-sweep generation total 374048K, used 221008K [0x0000000795550000, 0x00000007ac298000, 0x00000007c0000000)
 Metaspace       used 302211K, capacity 312198K, committed 312416K, reserved 1320960K
  class space    used 36781K, capacity 40704K, committed 40896K, reserved 1048576K
}
Event: 2964.514 GC heap after
{Heap after GC invocations=525 (full 13):
 par new generation   total 39296K, used 4352K [0x0000000780000000, 0x0000000782aa0000, 0x0000000795550000)
  eden space 34944K,   0% used [0x0000000780000000, 0x0000000780000000, 0x0000000782220000)
  from space 4352K, 100% used [0x0000000782660000, 0x0000000782aa0000, 0x0000000782aa0000)
  to   space 4352K,   0% used [0x0000000782220000, 0x0000000782220000, 0x0000000782660000)
 concurrent mark-sweep generation total 374048K, used 225623K [0x0000000795550000, 0x00000007ac298000, 0x00000007c0000000)
 Metaspace       used 302211K, capacity 312198K, committed 312416K, reserved 1320960K
  class space    used 36781K, capacity 40704K, committed 40896K, reserved 1048576K
}
Event: 2967.187 GC heap before
{Heap before GC invocations=525 (full 13):
 par new generation   total 39296K, used 39296K [0x0000000780000000, 0x0000000782aa0000, 0x0000000795550000)
  eden space 34944K, 100% used [0x0000000780000000, 0x0000000782220000, 0x0000000782220000)
  from space 4352K, 100% used [0x0000000782660000, 0x0000000782aa0000, 0x0000000782aa0000)
  to   space 4352K,   0% used [0x0000000782220000, 0x0000000782220000, 0x0000000782660000)
 concurrent mark-sweep generation total 374048K, used 225623K [0x0000000795550000, 0x00000007ac298000, 0x00000007c0000000)
 Metaspace       used 302273K, capacity 312207K, committed 312416K, reserved 1320960K
  class space    used 36782K, capacity 40706K, committed 40896K, reserved 1048576K
}
Event: 2967.189 GC heap after
{Heap after GC invocations=526 (full 13):
 par new generation   total 39296K, used 4352K [0x0000000780000000, 0x0000000782aa0000, 0x0000000795550000)
  eden space 34944K,   0% used [0x0000000780000000, 0x0000000780000000, 0x0000000782220000)
  from space 4352K, 100% used [0x0000000782220000, 0x0000000782660000, 0x0000000782660000)
  to   space 4352K,   0% used [0x0000000782660000, 0x0000000782660000, 0x0000000782aa0000)
 concurrent mark-sweep generation total 374048K, used 228337K [0x0000000795550000, 0x00000007ac298000, 0x00000007c0000000)
 Metaspace       used 302273K, capacity 312207K, committed 312416K, reserved 1320960K
  class space    used 36782K, capacity 40706K, committed 40896K, reserved 1048576K
}
Event: 2967.275 GC heap before
{Heap before GC invocations=526 (full 13):
 par new generation   total 39296K, used 15614K [0x0000000780000000, 0x0000000782aa0000, 0x0000000795550000)
  eden space 34944K,  32% used [0x0000000780000000, 0x0000000780aff818, 0x0000000782220000)
  from space 4352K, 100% used [0x0000000782220000, 0x0000000782660000, 0x0000000782660000)
  to   space 4352K,   0% used [0x0000000782660000, 0x0000000782660000, 0x0000000782aa0000)
 concurrent mark-sweep generation total 374048K, used 228337K [0x0000000795550000, 0x00000007ac298000, 0x00000007c0000000)
 Metaspace       used 302298K, capacity 312271K, committed 312672K, reserved 1320960K
  class space    used 36786K, capacity 40706K, committed 40896K, reserved 1048576K
}
Event: 2967.765 GC heap after
{Heap after GC invocations=527 (full 14):
 par new generation   total 168576K, used 0K [0x0000000780000000, 0x000000078b6e0000, 0x0000000795550000)
  eden space 149888K,   0% used [0x0000000780000000, 0x0000000780000000, 0x0000000789260000)
  from space 18688K,   0% used [0x0000000789260000, 0x0000000789260000, 0x000000078a4a0000)
  to   space 18688K,   0% used [0x000000078a4a0000, 0x000000078a4a0000, 0x000000078b6e0000)
 concurrent mark-sweep generation total 374048K, used 166505K [0x0000000795550000, 0x00000007ac298000, 0x00000007c0000000)
 Metaspace       used 302059K, capacity 311909K, committed 312672K, reserved 1320960K
  class space    used 36728K, capacity 40595K, committed 40896K, reserved 1048576K
}
Event: 2989.402 GC heap before
{Heap before GC invocations=527 (full 14):
 par new generation   total 168576K, used 149888K [0x0000000780000000, 0x000000078b6e0000, 0x0000000795550000)
  eden space 149888K, 100% used [0x0000000780000000, 0x0000000789260000, 0x0000000789260000)
  from space 18688K,   0% used [0x0000000789260000, 0x0000000789260000, 0x000000078a4a0000)
  to   space 18688K,   0% used [0x000000078a4a0000, 0x000000078a4a0000, 0x000000078b6e0000)
 concurrent mark-sweep generation total 374048K, used 166505K [0x0000000795550000, 0x00000007ac298000, 0x00000007c0000000)
 Metaspace       used 302153K, capacity 311934K, committed 312672K, reserved 1320960K
  class space    used 36737K, capacity 40603K, committed 40896K, reserved 1048576K
}
Event: 2989.411 GC heap after
{Heap after GC invocations=528 (full 14):
 par new generation   total 168576K, used 1434K [0x0000000780000000, 0x000000078b6e0000, 0x0000000795550000)
  eden space 149888K,   0% used [0x0000000780000000, 0x0000000780000000, 0x0000000789260000)
  from space 18688K,   7% used [0x000000078a4a0000, 0x000000078a606bc8, 0x000000078b6e0000)
  to   space 18688K,   0% used [0x0000000789260000, 0x0000000789260000, 0x000000078a4a0000)
 concurrent mark-sweep generation total 374048K, used 201554K [0x0000000795550000, 0x00000007ac298000, 0x00000007c0000000)
 Metaspace       used 302153K, capacity 311934K, committed 312672K, reserved 1320960K
  class space    used 36737K, capacity 40603K, committed 40896K, reserved 1048576K
}
Event: 3006.726 GC heap before
{Heap before GC invocations=528 (full 14):
 par new generation   total 168576K, used 151322K [0x0000000780000000, 0x000000078b6e0000, 0x0000000795550000)
  eden space 149888K, 100% used [0x0000000780000000, 0x0000000789260000, 0x0000000789260000)
  from space 18688K,   7% used [0x000000078a4a0000, 0x000000078a606bc8, 0x000000078b6e0000)
  to   space 18688K,   0% used [0x0000000789260000, 0x0000000789260000, 0x000000078a4a0000)
 concurrent mark-sweep generation total 374048K, used 201554K [0x0000000795550000, 0x00000007ac298000, 0x00000007c0000000)
 Metaspace       used 303941K, capacity 313896K, committed 314208K, reserved 1323008K
  class space    used 36991K, capacity 40910K, committed 41152K, reserved 1048576K
}
Event: 3006.731 GC heap after
{Heap after GC invocations=529 (full 14):
 par new generation   total 168576K, used 7371K [0x0000000780000000, 0x000000078b6e0000, 0x0000000795550000)
  eden space 149888K,   0% used [0x0000000780000000, 0x0000000780000000, 0x0000000789260000)
  from space 18688K,  39% used [0x0000000789260000, 0x0000000789992d00, 0x000000078a4a0000)
  to   space 18688K,   0% used [0x000000078a4a0000, 0x000000078a4a0000, 0x000000078b6e0000)
 concurrent mark-sweep generation total 374048K, used 201554K [0x0000000795550000, 0x00000007ac298000, 0x00000007c0000000)
 Metaspace       used 303941K, capacity 313896K, committed 314208K, reserved 1323008K
  class space    used 36991K, capacity 40910K, committed 41152K, reserved 1048576K
}

